[28-Sep-2019 19:28:38 UTC] PHP Parse error:  syntax error, unexpected '/', expecting end of file in C:\Users\munki\Local Sites\portfolio-site\app\public\wp-content\themes\mikes-site\header.php on line 4
[28-Sep-2019 23:01:04 UTC] PHP Parse error:  syntax error, unexpected end of file in C:\Users\munki\Local Sites\portfolio-site\app\public\wp-content\themes\mikes-site\functions.php on line 14
[28-Sep-2019 23:37:40 UTC] PHP Parse error:  syntax error, unexpected '<', expecting end of file in C:\Users\munki\Local Sites\portfolio-site\app\public\wp-content\themes\mikes-site\index.php on line 14
[28-Sep-2019 23:40:17 UTC] PHP Parse error:  syntax error, unexpected end of file in C:\Users\munki\Local Sites\portfolio-site\app\public\wp-content\themes\mikes-site\index.php on line 18
[28-Sep-2019 23:47:32 UTC] PHP Parse error:  syntax error, unexpected '}' in C:\Users\munki\Local Sites\portfolio-site\app\public\wp-content\themes\mikes-site\functions.php on line 7
[28-Sep-2019 23:47:54 UTC] PHP Parse error:  syntax error, unexpected '}' in C:\Users\munki\Local Sites\portfolio-site\app\public\wp-content\themes\mikes-site\functions.php on line 7
[28-Sep-2019 23:48:07 UTC] PHP Fatal error:  Uncaught Error: Call to undefined function get_header() in C:\Users\munki\Local Sites\portfolio-site\app\public\wp-content\themes\mikes-site\index.php:5
Stack trace:
#0 {main}
  thrown in C:\Users\munki\Local Sites\portfolio-site\app\public\wp-content\themes\mikes-site\index.php on line 5
[28-Sep-2019 23:48:16 UTC] PHP Fatal error:  Uncaught Error: Call to undefined function get_header() in C:\Users\munki\Local Sites\portfolio-site\app\public\wp-content\themes\mikes-site\index.php:5
Stack trace:
#0 {main}
  thrown in C:\Users\munki\Local Sites\portfolio-site\app\public\wp-content\themes\mikes-site\index.php on line 5
[28-Sep-2019 23:49:02 UTC] PHP Fatal error:  Uncaught Error: Call to undefined function get_header() in C:\Users\munki\Local Sites\portfolio-site\app\public\wp-content\themes\mikes-site\index.php:5
Stack trace:
#0 {main}
  thrown in C:\Users\munki\Local Sites\portfolio-site\app\public\wp-content\themes\mikes-site\index.php on line 5
[28-Sep-2019 23:49:03 UTC] PHP Fatal error:  Uncaught Error: Call to undefined function get_header() in C:\Users\munki\Local Sites\portfolio-site\app\public\wp-content\themes\mikes-site\index.php:5
Stack trace:
#0 {main}
  thrown in C:\Users\munki\Local Sites\portfolio-site\app\public\wp-content\themes\mikes-site\index.php on line 5
[28-Sep-2019 23:49:06 UTC] PHP Fatal error:  Uncaught Error: Call to undefined function get_header() in C:\Users\munki\Local Sites\portfolio-site\app\public\wp-content\themes\mikes-site\index.php:5
Stack trace:
#0 {main}
  thrown in C:\Users\munki\Local Sites\portfolio-site\app\public\wp-content\themes\mikes-site\index.php on line 5
[28-Sep-2019 23:51:38 UTC] PHP Fatal error:  Uncaught Error: Call to undefined function get_header() in C:\Users\munki\Local Sites\portfolio-site\app\public\wp-content\themes\mikes-site\index.php:5
Stack trace:
#0 {main}
  thrown in C:\Users\munki\Local Sites\portfolio-site\app\public\wp-content\themes\mikes-site\index.php on line 5
[29-Sep-2019 00:00:16 UTC] PHP Fatal error:  Uncaught Error: Call to undefined function get_header() in C:\Users\munki\Local Sites\portfolio-site\app\public\wp-content\themes\mikes-site\index.php:5
Stack trace:
#0 {main}
  thrown in C:\Users\munki\Local Sites\portfolio-site\app\public\wp-content\themes\mikes-site\index.php on line 5
